#
# There is insufficient memory for the Java Runtime Environment to continue.
# Native memory allocation (mmap) failed to map 266338304 bytes for G1 virtual space
# Possible reasons:
#   The system is out of physical RAM or swap space
#   The process is running with CompressedOops enabled, and the Java Heap may be blocking the growth of the native heap
# Possible solutions:
#   Reduce memory load on the system
#   Increase physical memory or swap space
#   Check if swap backing store is full
#   Decrease Java heap size (-Xmx/-Xms)
#   Decrease number of Java threads
#   Decrease Java thread stack sizes (-Xss)
#   Set larger code cache with -XX:ReservedCodeCacheSize=
#   JVM is running with Zero Based Compressed Oops mode in which the Java heap is
#     placed in the first 32GB address space. The Java Heap base address is the
#     maximum limit for the native heap growth. Please use -XX:HeapBaseMinAddress
#     to set the Java Heap base and to place the Java Heap above 32GB virtual address.
# This output file may be truncated or incomplete.
#
#  Out of Memory Error (os_windows.cpp:3600), pid=29508, tid=11808
#
# JRE version:  (21.0.2+13) (build )
# Java VM: Java HotSpot(TM) 64-Bit Server VM (21.0.2+13-LTS-58, mixed mode, sharing, tiered, compressed oops, compressed class ptrs, g1 gc, windows-amd64)
# No core dump will be written. Minidumps are not enabled by default on client versions of Windows
#

---------------  S U M M A R Y ------------

Command Line: -javaagent:D:\Intelij\IntelliJ IDEA Community Edition 2024.1.1\lib\idea_rt.jar=60519:D:\Intelij\IntelliJ IDEA Community Edition 2024.1.1\bin -Dfile.encoding=UTF-8 -Dsun.stdout.encoding=UTF-8 -Dsun.stderr.encoding=UTF-8 View.frame.HomeFrame

Host: Intel(R) Core(TM) i5-10300H CPU @ 2.50GHz, 8 cores, 15G,  Windows 11 , 64 bit Build 22621 (10.0.22621.3672)
Time: Tue Jun  4 13:29:44 2024 SE Asia Standard Time elapsed time: 0.012931 seconds (0d 0h 0m 0s)

---------------  T H R E A D  ---------------

Current thread (0x000002194ec8bf90):  JavaThread "Unknown thread" [_thread_in_vm, id=11808, stack(0x000000364bf00000,0x000000364c000000) (1024K)]

Stack: [0x000000364bf00000,0x000000364c000000]
Native frames: (J=compiled Java code, j=interpreted, Vv=VM code, C=native code)
V  [jvm.dll+0x6cade9]
V  [jvm.dll+0x8569c1]
V  [jvm.dll+0x858d2e]
V  [jvm.dll+0x859413]
V  [jvm.dll+0x280e56]
V  [jvm.dll+0x6c74d5]
V  [jvm.dll+0x6bbeca]
V  [jvm.dll+0x355bca]
V  [jvm.dll+0x35d816]
V  [jvm.dll+0x3ae67e]
V  [jvm.dll+0x3ae928]
V  [jvm.dll+0x3295dc]
V  [jvm.dll+0x32a16b]
V  [jvm.dll+0x81efa9]
V  [jvm.dll+0x3bba01]
V  [jvm.dll+0x807928]
V  [jvm.dll+0x44f50e]
V  [jvm.dll+0x450e11]
C  [jli.dll+0x52a3]
C  [ucrtbase.dll+0x29333]
C  [KERNEL32.DLL+0x1257d]
C  [ntdll.dll+0x5aa48]


---------------  P R O C E S S  ---------------

Threads class SMR info:
_java_thread_list=0x00007ffe8226bb88, length=0, elements={
}

Java Threads: ( => current thread )
Total: 0

Other Threads:
  0x000002194ecef220 WorkerThread "GC Thread#0"                     [id=24436, stack(0x000000364c000000,0x000000364c100000) (1024K)]
  0x000002194ed00040 ConcurrentGCThread "G1 Main Marker"            [id=33552, stack(0x000000364c100000,0x000000364c200000) (1024K)]
  0x000002194ed011f0 WorkerThread "G1 Conc#0"                       [id=14864, stack(0x000000364c200000,0x000000364c300000) (1024K)]

[error occurred during error reporting (printing all threads), id 0xc0000005, EXCEPTION_ACCESS_VIOLATION (0xc0000005) at pc=0x00007ffe819dc6a7]
VM state: not at safepoint (not fully initialized)

VM Mutex/Monitor currently owned by a thread:  ([mutex/lock_event])
[0x00007ffe822dce68] Heap_lock - owner thread: 0x000002194ec8bf90

Heap address: 0x0000000702800000, size: 4056 MB, Compressed Oops mode: Zero based, Oop shift amount: 3

CDS archive(s) mapped at: [0x0000000000000000-0x0000000000000000-0x0000000000000000), size 0, SharedBaseAddress: 0x0000000800000000, ArchiveRelocationMode: 1.
Narrow klass base: 0x0000000000000000, Narrow klass shift: 0, Narrow klass range: 0x0

GC Precious Log:
 CardTable entry size: 512
 Card Set container configuration: InlinePtr #cards 4 size 8 Array Of Cards #cards 16 size 48 Howl #buckets 8 coarsen threshold 3686 Howl Bitmap #cards 512 size 80 coarsen threshold 460 Card regions per heap region 1 cards per card region 4096

Heap:
 garbage-first heap   total 0K, used 0K [0x0000000702800000, 0x0000000800000000)
  region size 2048K, 0 young (0K), 0 survivors (0K)

[error occurred during error reporting (printing heap information), id 0xc0000005, EXCEPTION_ACCESS_VIOLATION (0xc0000005) at pc=0x00007ffe81dc39f9]
GC Heap History (0 events):
No events

Dll operation events (1 events):
Event: 0.009 Loaded shared library C:\Program Files\Java\jdk-21\bin\java.dll

Deoptimization events (0 events):
No events

Classes loaded (0 events):
No events

Classes unloaded (0 events):
No events

Classes redefined (0 events):
No events

Internal exceptions (0 events):
No events

ZGC Phase Switch (0 events):
No events

VM Operations (0 events):
No events

Events (0 events):
No events


Dynamic libraries:
0x00007ff6124a0000 - 0x00007ff6124b0000 	C:\Program Files\Java\jdk-21\bin\java.exe
0x00007fff35030000 - 0x00007fff35247000 	C:\Windows\SYSTEM32\ntdll.dll
0x00007fff32e30000 - 0x00007fff32ef4000 	C:\Windows\System32\KERNEL32.DLL
0x00007fff323e0000 - 0x00007fff3278c000 	C:\Windows\System32\KERNELBASE.dll
0x00007fff32990000 - 0x00007fff32aa1000 	C:\Windows\System32\ucrtbase.dll
0x00007fff08bf0000 - 0x00007fff08c09000 	C:\Program Files\Java\jdk-21\bin\jli.dll
0x00007fff21e10000 - 0x00007fff21e2b000 	C:\Program Files\Java\jdk-21\bin\VCRUNTIME140.dll
0x00007fff33610000 - 0x00007fff336c2000 	C:\Windows\System32\ADVAPI32.dll
0x00007fff334e0000 - 0x00007fff33587000 	C:\Windows\System32\msvcrt.dll
0x00007fff34930000 - 0x00007fff349d8000 	C:\Windows\System32\sechost.dll
0x00007fff32850000 - 0x00007fff32878000 	C:\Windows\System32\bcrypt.dll
0x00007fff33f50000 - 0x00007fff34065000 	C:\Windows\System32\RPCRT4.dll
0x00007fff34a60000 - 0x00007fff34c0e000 	C:\Windows\System32\USER32.dll
0x00007fff32bd0000 - 0x00007fff32bf6000 	C:\Windows\System32\win32u.dll
0x00007fff19700000 - 0x00007fff19993000 	C:\Windows\WinSxS\amd64_microsoft.windows.common-controls_6595b64144ccf1df_6.0.22621.3672_none_2713b9d173822955\COMCTL32.dll
0x00007fff32e00000 - 0x00007fff32e29000 	C:\Windows\System32\GDI32.dll
0x00007fff32ab0000 - 0x00007fff32bc9000 	C:\Windows\System32\gdi32full.dll
0x00007fff328f0000 - 0x00007fff3298a000 	C:\Windows\System32\msvcp_win.dll
0x00007fff29110000 - 0x00007fff2911a000 	C:\Windows\SYSTEM32\VERSION.dll
0x00007fff33490000 - 0x00007fff334c1000 	C:\Windows\System32\IMM32.DLL
0x00007fff23fb0000 - 0x00007fff23fbc000 	C:\Program Files\Java\jdk-21\bin\vcruntime140_1.dll
0x00007ffed7610000 - 0x00007ffed769e000 	C:\Program Files\Java\jdk-21\bin\msvcp140.dll
0x00007ffe816a0000 - 0x00007ffe823b7000 	C:\Program Files\Java\jdk-21\bin\server\jvm.dll
0x00007fff348b0000 - 0x00007fff34921000 	C:\Windows\System32\WS2_32.dll
0x00007fff32220000 - 0x00007fff3226d000 	C:\Windows\SYSTEM32\POWRPROF.dll
0x00007fff2aa40000 - 0x00007fff2aa74000 	C:\Windows\SYSTEM32\WINMM.dll
0x00007fff32200000 - 0x00007fff32213000 	C:\Windows\SYSTEM32\UMPDC.dll
0x00007fff31700000 - 0x00007fff31718000 	C:\Windows\SYSTEM32\kernel.appcore.dll
0x00007fff22e90000 - 0x00007fff22e9a000 	C:\Program Files\Java\jdk-21\bin\jimage.dll
0x00007fff2f2b0000 - 0x00007fff2f4e2000 	C:\Windows\SYSTEM32\DBGHELP.DLL
0x00007fff330e0000 - 0x00007fff33468000 	C:\Windows\System32\combase.dll
0x00007fff33000000 - 0x00007fff330d7000 	C:\Windows\System32\OLEAUT32.dll
0x00007fff25340000 - 0x00007fff25372000 	C:\Windows\SYSTEM32\dbgcore.DLL
0x00007fff32360000 - 0x00007fff323db000 	C:\Windows\System32\bcryptPrimitives.dll
0x00007fff22bb0000 - 0x00007fff22bbf000 	C:\Program Files\Java\jdk-21\bin\instrument.dll
0x00007fff08840000 - 0x00007fff0885f000 	C:\Program Files\Java\jdk-21\bin\java.dll

dbghelp: loaded successfully - version: 4.0.5 - missing functions: none
symbol engine: initialized successfully - sym options: 0x614 - pdb path: .;C:\Program Files\Java\jdk-21\bin;C:\Windows\SYSTEM32;C:\Windows\WinSxS\amd64_microsoft.windows.common-controls_6595b64144ccf1df_6.0.22621.3672_none_2713b9d173822955;C:\Program Files\Java\jdk-21\bin\server

VM Arguments:
jvm_args: -javaagent:D:\Intelij\IntelliJ IDEA Community Edition 2024.1.1\lib\idea_rt.jar=60519:D:\Intelij\IntelliJ IDEA Community Edition 2024.1.1\bin -Dfile.encoding=UTF-8 -Dsun.stdout.encoding=UTF-8 -Dsun.stderr.encoding=UTF-8 
java_command: View.frame.HomeFrame
java_class_path (initial): E:\Code With Me\IS216_Java\Gaga_Oto_Project\out\production\Gaga_Oto_Project;E:\Code With Me\IS216_Java\Gaga_Oto_Project\src\lib\ojdbc11.jar;E:\Code With Me\IS216_Java\Gaga_Oto_Project\src\lib\flatlaf-3.4.1.jar;E:\Code With Me\IS216_Java\Gaga_Oto_Project\src\lib\itextpdf-5.5.13.2.jar
Launcher Type: SUN_STANDARD

[Global flags]
     intx CICompilerCount                          = 4                                         {product} {ergonomic}
     uint ConcGCThreads                            = 2                                         {product} {ergonomic}
     uint G1ConcRefinementThreads                  = 8                                         {product} {ergonomic}
   size_t G1HeapRegionSize                         = 2097152                                   {product} {ergonomic}
    uintx GCDrainStackTargetSize                   = 64                                        {product} {ergonomic}
   size_t InitialHeapSize                          = 266338304                                 {product} {ergonomic}
   size_t MarkStackSize                            = 4194304                                   {product} {ergonomic}
   size_t MaxHeapSize                              = 4253024256                                {product} {ergonomic}
   size_t MinHeapDeltaBytes                        = 2097152                                   {product} {ergonomic}
   size_t MinHeapSize                              = 8388608                                   {product} {ergonomic}
    uintx NonNMethodCodeHeapSize                   = 5839372                                {pd product} {ergonomic}
    uintx NonProfiledCodeHeapSize                  = 122909434                              {pd product} {ergonomic}
    uintx ProfiledCodeHeapSize                     = 122909434                              {pd product} {ergonomic}
    uintx ReservedCodeCacheSize                    = 251658240                              {pd product} {ergonomic}
     bool SegmentedCodeCache                       = true                                      {product} {ergonomic}
   size_t SoftMaxHeapSize                          = 4253024256                             {manageable} {ergonomic}
     bool UseCompressedOops                        = true                           {product lp64_product} {ergonomic}
     bool UseG1GC                                  = true                                      {product} {ergonomic}
     bool UseLargePagesIndividualAllocation        = false                                  {pd product} {ergonomic}

Logging:
Log output configuration:
 #0: stdout all=warning uptime,level,tags foldmultilines=false
 #1: stderr all=off uptime,level,tags foldmultilines=false

Environment Variables:
JAVA_HOME=C:\Program Files\Java\jdk-21
PATH=D:\ORACLE\WINDOWS.X64_213000_db_home\bin;C:\Program Files\Common Files\Oracle\Java\javapath;C:\Windows\system32;C:\Windows;C:\Windows\System32\Wbem;C:\Windows\System32\WindowsPowerShell\v1.0\;C:\Windows\System32\OpenSSH\;C:\Program Files (x86)\NVIDIA Corporation\PhysX\Common;C:\Program Files\NVIDIA Corporation\NVIDIA NvDLISR;C:\Program Files\dotnet\;D:\MSYS2 Setup\mingw64\bin;C:\Program Files (x86)\Microsoft SQL Server\160\Tools\Binn\;C:\Program Files\Microsoft SQL Server\160\Tools\Binn\;C:\Program Files\Microsoft SQL Server\Client SDK\ODBC\170\Tools\Binn\;C:\Program Files\Microsoft SQL Server\160\DTS\Binn\;C:\Program Files (x86)\Microsoft SQL Server\160\DTS\Binn\;C:\Program Files\Azure Data Studio\bin;C:\Program Files\Java\jdk-21\bin;C:\Program Files\Git\cmd;C:\ProgramData\chocolatey\bin;C:\Users\nhokv\AppData\Local\Microsoft\WindowsApps;D:\Microsoft VS Code\bin;C:\Program Files\Azure Data Studio\bin;C:\Program Files\Java\jdk-21\bin;D:\Intelij\IntelliJ IDEA 2024.1.1\bin;;D:\Intelij\IntelliJ IDEA Community Edition 2024.1.1\bin;;C:\Users\nhokv\AppData\Local\GitHubDesktop\bin
USERNAME=nhokv
OS=Windows_NT
PROCESSOR_IDENTIFIER=Intel64 Family 6 Model 165 Stepping 2, GenuineIntel
TMP=C:\Users\nhokv\AppData\Local\Temp
TEMP=C:\Users\nhokv\AppData\Local\Temp




Periodic native trim disabled

---------------  S Y S T E M  ---------------

OS:
 Windows 11 , 64 bit Build 22621 (10.0.22621.3672)
OS uptime: 5 days 7:18 hours

CPU: total 8 (initial active 8) (4 cores per cpu, 2 threads per core) family 6 model 165 stepping 2 microcode 0xe0, cx8, cmov, fxsr, ht, mmx, 3dnowpref, sse, sse2, sse3, ssse3, sse4.1, sse4.2, popcnt, lzcnt, tsc, tscinvbit, avx, avx2, aes, erms, clmul, bmi1, bmi2, adx, fma, vzeroupper, clflush, clflushopt, rdtscp, f16c, pku
Processor Information for all 8 processors :
  Max Mhz: 2496, Current Mhz: 2496, Mhz Limit: 2496

Memory: 4k page, system-wide physical 16221M (1845M free)
TotalPageFile size 34832M (AvailPageFile size 121M)
current process WorkingSet (physical memory assigned to process): 11M, peak: 11M
current process commit charge ("private bytes"): 60M, peak: 314M

vm_info: Java HotSpot(TM) 64-Bit Server VM (21.0.2+13-LTS-58) for windows-amd64 JRE (21.0.2+13-LTS-58), built on 2024-01-05T18:32:24Z by "mach5one" with MS VC++ 17.1 (VS2022)

END.
